2024-10-04 17:12:03,333:INFO:업비트 로그인 성공
2024-10-04 17:12:03,608:INFO:KRW-BTC RSI: 44.26, 현재가: 82670000.0, 평균 매수가: 82640000.0, 수익률: 0.04%, KRW 잔고: 1530179.15673916
2024-10-04 17:12:03,608:INFO:KRW-BTC 추가 매수 조건 미충족 - 수익률이 유지 수익률보다 높음
2024-10-04 17:12:03,895:INFO:KRW-ETH RSI: 59.50, 현재가: 3210000.0, 평균 매수가: 3205000.0, 수익률: 0.16%, KRW 잔고: 1530179.15673916
2024-10-04 17:12:03,895:INFO:KRW-ETH 추가 매수 조건 미충족 - 수익률이 유지 수익률보다 높음
2024-10-04 17:12:04,185:INFO:KRW-XRP RSI: 85.54, 현재가: 707.8, 평균 매수가: 0, 수익률: 0.00%, KRW 잔고: 1530179.15673916
2024-10-04 17:12:04,472:INFO:KRW-ADA RSI: 58.36, 현재가: 470.4, 평균 매수가: 0, 수익률: 0.00%, KRW 잔고: 1530179.15673916
2024-10-04 17:12:04,753:INFO:KRW-DOGE RSI: 59.86, 현재가: 145.4, 평균 매수가: 0, 수익률: 0.00%, KRW 잔고: 1530179.15673916
2024-10-04 17:12:06,084:INFO:KRW-BTC RSI: 44.26, 현재가: 82670000.0, 평균 매수가: 82640000.0, 수익률: 0.04%, KRW 잔고: 1530179.15673916
2024-10-04 17:12:06,084:INFO:KRW-BTC 추가 매수 조건 미충족 - 수익률이 유지 수익률보다 높음
2024-10-04 17:12:06,359:INFO:KRW-ETH RSI: 59.50, 현재가: 3210000.0, 평균 매수가: 3205000.0, 수익률: 0.16%, KRW 잔고: 1530179.15673916
2024-10-04 17:12:06,359:INFO:KRW-ETH 추가 매수 조건 미충족 - 수익률이 유지 수익률보다 높음
2024-10-04 17:12:06,632:INFO:KRW-XRP RSI: 85.54, 현재가: 707.9, 평균 매수가: 0, 수익률: 0.00%, KRW 잔고: 1530179.15673916
2024-10-04 17:12:06,927:INFO:KRW-ADA RSI: 58.36, 현재가: 470.4, 평균 매수가: 0, 수익률: 0.00%, KRW 잔고: 1530179.15673916
2024-10-04 17:12:07,190:INFO:KRW-DOGE RSI: 59.86, 현재가: 145.4, 평균 매수가: 0, 수익률: 0.00%, KRW 잔고: 1530179.15673916
2024-10-04 17:12:08,531:INFO:KRW-BTC RSI: 43.99, 현재가: 82670000.0, 평균 매수가: 82640000.0, 수익률: 0.04%, KRW 잔고: 1530179.15673916
2024-10-04 17:12:08,531:INFO:KRW-BTC 추가 매수 조건 미충족 - 수익률이 유지 수익률보다 높음
2024-10-04 17:12:08,807:INFO:KRW-ETH RSI: 59.50, 현재가: 3210000.0, 평균 매수가: 3205000.0, 수익률: 0.16%, KRW 잔고: 1530179.15673916
2024-10-04 17:12:08,807:INFO:KRW-ETH 추가 매수 조건 미충족 - 수익률이 유지 수익률보다 높음
2024-10-04 17:12:09,092:INFO:KRW-XRP RSI: 86.09, 현재가: 708.0, 평균 매수가: 0, 수익률: 0.00%, KRW 잔고: 1530179.15673916
2024-10-04 17:12:09,362:INFO:KRW-ADA RSI: 58.36, 현재가: 470.4, 평균 매수가: 0, 수익률: 0.00%, KRW 잔고: 1530179.15673916
2024-10-04 17:12:09,652:INFO:KRW-DOGE RSI: 59.86, 현재가: 145.4, 평균 매수가: 0, 수익률: 0.00%, KRW 잔고: 1530179.15673916
2024-10-04 17:12:10,970:INFO:KRW-BTC RSI: 39.36, 현재가: 82669000.0, 평균 매수가: 82640000.0, 수익률: 0.04%, KRW 잔고: 1530179.15673916
2024-10-04 17:12:10,971:INFO:KRW-BTC 추가 매수 조건 미충족 - 수익률이 유지 수익률보다 높음
2024-10-04 17:12:11,227:INFO:KRW-ETH RSI: 59.50, 현재가: 3210000.0, 평균 매수가: 3205000.0, 수익률: 0.16%, KRW 잔고: 1530179.15673916
2024-10-04 17:12:11,227:INFO:KRW-ETH 추가 매수 조건 미충족 - 수익률이 유지 수익률보다 높음
2024-10-04 17:12:11,499:INFO:KRW-XRP RSI: 86.09, 현재가: 708.0, 평균 매수가: 0, 수익률: 0.00%, KRW 잔고: 1530179.15673916
2024-10-04 17:12:11,754:INFO:KRW-ADA RSI: 58.36, 현재가: 470.4, 평균 매수가: 0, 수익률: 0.00%, KRW 잔고: 1530179.15673916
2024-10-04 17:12:12,030:INFO:KRW-DOGE RSI: 59.86, 현재가: 145.4, 평균 매수가: 0, 수익률: 0.00%, KRW 잔고: 1530179.15673916
2024-10-04 17:12:13,355:INFO:KRW-BTC RSI: 44.26, 현재가: 82670000.0, 평균 매수가: 82640000.0, 수익률: 0.04%, KRW 잔고: 1530179.15673916
2024-10-04 17:12:13,355:INFO:KRW-BTC 추가 매수 조건 미충족 - 수익률이 유지 수익률보다 높음
2024-10-04 17:12:13,627:INFO:KRW-ETH RSI: 59.50, 현재가: 3210000.0, 평균 매수가: 3205000.0, 수익률: 0.16%, KRW 잔고: 1530179.15673916
2024-10-04 17:12:13,627:INFO:KRW-ETH 추가 매수 조건 미충족 - 수익률이 유지 수익률보다 높음
2024-10-04 17:12:13,906:INFO:KRW-XRP RSI: 86.60, 현재가: 708.0, 평균 매수가: 0, 수익률: 0.00%, KRW 잔고: 1530179.15673916
2024-10-04 17:12:14,168:INFO:KRW-ADA RSI: 58.36, 현재가: 470.4, 평균 매수가: 0, 수익률: 0.00%, KRW 잔고: 1530179.15673916
2024-10-04 17:12:14,435:INFO:KRW-DOGE RSI: 59.86, 현재가: 145.4, 평균 매수가: 0, 수익률: 0.00%, KRW 잔고: 1530179.15673916
2024-10-04 17:12:15,767:INFO:KRW-BTC RSI: 44.26, 현재가: 82670000.0, 평균 매수가: 82640000.0, 수익률: 0.04%, KRW 잔고: 1530179.15673916
2024-10-04 17:12:15,768:INFO:KRW-BTC 추가 매수 조건 미충족 - 수익률이 유지 수익률보다 높음
2024-10-04 17:12:16,034:INFO:KRW-ETH RSI: 59.50, 현재가: 3210000.0, 평균 매수가: 3205000.0, 수익률: 0.16%, KRW 잔고: 1530179.15673916
2024-10-04 17:12:16,035:INFO:KRW-ETH 추가 매수 조건 미충족 - 수익률이 유지 수익률보다 높음
2024-10-04 17:12:16,303:INFO:KRW-XRP RSI: 87.52, 현재가: 708.3, 평균 매수가: 0, 수익률: 0.00%, KRW 잔고: 1530179.15673916
2024-10-04 17:12:16,566:INFO:KRW-ADA RSI: 58.36, 현재가: 470.4, 평균 매수가: 0, 수익률: 0.00%, KRW 잔고: 1530179.15673916
2024-10-04 17:12:16,839:INFO:KRW-DOGE RSI: 57.21, 현재가: 145.4, 평균 매수가: 0, 수익률: 0.00%, KRW 잔고: 1530179.15673916
2024-10-04 17:12:18,149:INFO:KRW-BTC RSI: 43.99, 현재가: 82669000.0, 평균 매수가: 82640000.0, 수익률: 0.04%, KRW 잔고: 1530179.15673916
2024-10-04 17:12:18,150:INFO:KRW-BTC 추가 매수 조건 미충족 - 수익률이 유지 수익률보다 높음
2024-10-04 17:12:18,422:INFO:KRW-ETH RSI: 52.85, 현재가: 3210000.0, 평균 매수가: 3205000.0, 수익률: 0.16%, KRW 잔고: 1530179.15673916
2024-10-04 17:12:18,422:INFO:KRW-ETH 추가 매수 조건 미충족 - 수익률이 유지 수익률보다 높음
2024-10-04 17:12:18,679:INFO:KRW-XRP RSI: 86.60, 현재가: 708.1, 평균 매수가: 0, 수익률: 0.00%, KRW 잔고: 1530179.15673916
2024-10-04 17:12:18,948:INFO:KRW-ADA RSI: 58.36, 현재가: 470.4, 평균 매수가: 0, 수익률: 0.00%, KRW 잔고: 1530179.15673916
2024-10-04 17:12:19,214:INFO:KRW-DOGE RSI: 57.21, 현재가: 145.4, 평균 매수가: 0, 수익률: 0.00%, KRW 잔고: 1530179.15673916
2024-10-04 17:12:20,517:INFO:KRW-BTC RSI: 44.26, 현재가: 82670000.0, 평균 매수가: 82640000.0, 수익률: 0.04%, KRW 잔고: 1530179.15673916
2024-10-04 17:12:20,518:INFO:KRW-BTC 추가 매수 조건 미충족 - 수익률이 유지 수익률보다 높음
2024-10-04 17:12:20,791:INFO:KRW-ETH RSI: 52.85, 현재가: 3209000.0, 평균 매수가: 3205000.0, 수익률: 0.12%, KRW 잔고: 1530179.15673916
2024-10-04 17:12:20,791:INFO:KRW-ETH 추가 매수 조건 미충족 - 수익률이 유지 수익률보다 높음
2024-10-04 17:12:21,056:INFO:KRW-XRP RSI: 86.60, 현재가: 708.1, 평균 매수가: 0, 수익률: 0.00%, KRW 잔고: 1530179.15673916
2024-10-04 17:12:21,327:INFO:KRW-ADA RSI: 58.36, 현재가: 470.4, 평균 매수가: 0, 수익률: 0.00%, KRW 잔고: 1530179.15673916
2024-10-04 17:12:21,600:INFO:KRW-DOGE RSI: 57.21, 현재가: 145.4, 평균 매수가: 0, 수익률: 0.00%, KRW 잔고: 1530179.15673916
2024-10-04 17:12:22,901:INFO:KRW-BTC RSI: 44.26, 현재가: 82670000.0, 평균 매수가: 82640000.0, 수익률: 0.04%, KRW 잔고: 1530179.15673916
2024-10-04 17:12:22,901:INFO:KRW-BTC 추가 매수 조건 미충족 - 수익률이 유지 수익률보다 높음
2024-10-04 17:12:23,162:INFO:KRW-ETH RSI: 52.85, 현재가: 3209000.0, 평균 매수가: 3205000.0, 수익률: 0.12%, KRW 잔고: 1530179.15673916
2024-10-04 17:12:23,162:INFO:KRW-ETH 추가 매수 조건 미충족 - 수익률이 유지 수익률보다 높음
2024-10-04 17:12:23,430:INFO:KRW-XRP RSI: 87.52, 현재가: 708.1, 평균 매수가: 0, 수익률: 0.00%, KRW 잔고: 1530179.15673916
2024-10-04 17:12:23,711:INFO:KRW-ADA RSI: 58.36, 현재가: 470.4, 평균 매수가: 0, 수익률: 0.00%, KRW 잔고: 1530179.15673916
2024-10-04 17:12:23,971:INFO:KRW-DOGE RSI: 57.21, 현재가: 145.4, 평균 매수가: 0, 수익률: 0.00%, KRW 잔고: 1530179.15673916
2024-10-04 17:12:25,267:INFO:KRW-BTC RSI: 43.99, 현재가: 82670000.0, 평균 매수가: 82640000.0, 수익률: 0.04%, KRW 잔고: 1530179.15673916
2024-10-04 17:12:25,267:INFO:KRW-BTC 추가 매수 조건 미충족 - 수익률이 유지 수익률보다 높음
2024-10-04 17:12:25,530:INFO:KRW-ETH RSI: 52.85, 현재가: 3209000.0, 평균 매수가: 3205000.0, 수익률: 0.12%, KRW 잔고: 1530179.15673916
2024-10-04 17:12:25,531:INFO:KRW-ETH 추가 매수 조건 미충족 - 수익률이 유지 수익률보다 높음
2024-10-04 17:12:25,784:INFO:KRW-XRP RSI: 87.52, 현재가: 708.3, 평균 매수가: 0, 수익률: 0.00%, KRW 잔고: 1530179.15673916
2024-10-04 17:12:26,059:INFO:KRW-ADA RSI: 58.36, 현재가: 470.4, 평균 매수가: 0, 수익률: 0.00%, KRW 잔고: 1530179.15673916
2024-10-04 17:12:26,329:INFO:KRW-DOGE RSI: 57.21, 현재가: 145.4, 평균 매수가: 0, 수익률: 0.00%, KRW 잔고: 1530179.15673916
2024-10-04 17:12:39,521:INFO:업비트 로그인 성공
2024-10-04 17:12:39,757:INFO:KRW-BTC RSI: 43.99, 현재가: 82669000.0, 평균 매수가: 82640000.0, 수익률: 0.04%, KRW 잔고: 1530179.15673916
2024-10-04 17:12:39,757:INFO:KRW-BTC 추가 매수 조건 미충족 - 수익률이 유지 수익률보다 높음
2024-10-04 17:12:40,029:INFO:KRW-ETH RSI: 48.49, 현재가: 3208000.0, 평균 매수가: 3205000.0, 수익률: 0.09%, KRW 잔고: 1530179.15673916
2024-10-04 17:12:40,029:INFO:KRW-ETH 추가 매수 조건 미충족 - 수익률이 유지 수익률보다 높음
2024-10-04 17:12:40,291:INFO:KRW-XRP RSI: 86.60, 현재가: 708.1, 평균 매수가: 0, 수익률: 0.00%, KRW 잔고: 1530179.15673916
2024-10-04 17:12:40,564:INFO:KRW-ADA RSI: 58.36, 현재가: 470.4, 평균 매수가: 0, 수익률: 0.00%, KRW 잔고: 1530179.15673916
2024-10-04 17:12:40,821:INFO:KRW-DOGE RSI: 57.21, 현재가: 145.4, 평균 매수가: 0, 수익률: 0.00%, KRW 잔고: 1530179.15673916
2024-10-04 17:12:42,130:INFO:KRW-BTC RSI: 43.99, 현재가: 82669000.0, 평균 매수가: 82640000.0, 수익률: 0.04%, KRW 잔고: 1530179.15673916
2024-10-04 17:12:42,130:INFO:KRW-BTC 추가 매수 조건 미충족 - 수익률이 유지 수익률보다 높음
2024-10-04 17:12:42,394:INFO:KRW-ETH RSI: 48.49, 현재가: 3208000.0, 평균 매수가: 3205000.0, 수익률: 0.09%, KRW 잔고: 1530179.15673916
2024-10-04 17:12:42,394:INFO:KRW-ETH 추가 매수 조건 미충족 - 수익률이 유지 수익률보다 높음
2024-10-04 17:12:42,662:INFO:KRW-XRP RSI: 86.60, 현재가: 708.1, 평균 매수가: 0, 수익률: 0.00%, KRW 잔고: 1530179.15673916
2024-10-04 17:12:42,923:INFO:KRW-ADA RSI: 58.36, 현재가: 470.4, 평균 매수가: 0, 수익률: 0.00%, KRW 잔고: 1530179.15673916
2024-10-04 17:12:43,193:INFO:KRW-DOGE RSI: 57.21, 현재가: 145.4, 평균 매수가: 0, 수익률: 0.00%, KRW 잔고: 1530179.15673916
2024-10-04 17:12:44,496:INFO:KRW-BTC RSI: 43.99, 현재가: 82669000.0, 평균 매수가: 82640000.0, 수익률: 0.04%, KRW 잔고: 1530179.15673916
2024-10-04 17:12:44,496:INFO:KRW-BTC 추가 매수 조건 미충족 - 수익률이 유지 수익률보다 높음
2024-10-04 17:12:44,776:INFO:KRW-ETH RSI: 48.49, 현재가: 3208000.0, 평균 매수가: 3205000.0, 수익률: 0.09%, KRW 잔고: 1530179.15673916
2024-10-04 17:12:44,776:INFO:KRW-ETH 추가 매수 조건 미충족 - 수익률이 유지 수익률보다 높음
2024-10-04 17:12:45,044:INFO:KRW-XRP RSI: 87.08, 현재가: 708.2, 평균 매수가: 0, 수익률: 0.00%, KRW 잔고: 1530179.15673916
2024-10-04 17:12:45,297:INFO:KRW-ADA RSI: 58.36, 현재가: 470.4, 평균 매수가: 0, 수익률: 0.00%, KRW 잔고: 1530179.15673916
2024-10-04 17:12:45,556:INFO:KRW-DOGE RSI: 57.21, 현재가: 145.4, 평균 매수가: 0, 수익률: 0.00%, KRW 잔고: 1530179.15673916
2024-10-04 17:13:39,596:INFO:업비트 로그인 성공
2024-10-04 17:13:39,848:INFO:KRW-BTC RSI: 53.17, 현재가: 82699000.0, 평균 매수가: 82640000.0, 수익률: 0.07%, KRW 잔고: 1530179.15673916
2024-10-04 17:13:39,848:INFO:KRW-BTC 추가 매수 조건 미충족 - 수익률이 유지 수익률보다 높음
2024-10-04 17:13:40,114:INFO:KRW-ETH RSI: 65.49, 현재가: 3210000.0, 평균 매수가: 3205000.0, 수익률: 0.16%, KRW 잔고: 1530179.15673916
2024-10-04 17:13:40,114:INFO:KRW-ETH 추가 매수 조건 미충족 - 수익률이 유지 수익률보다 높음
2024-10-04 17:13:40,379:INFO:KRW-XRP RSI: 77.85, 현재가: 708.0, 평균 매수가: 0, 수익률: 0.00%, KRW 잔고: 1530179.15673916
2024-10-04 17:13:40,641:INFO:KRW-ADA RSI: 58.36, 현재가: 470.4, 평균 매수가: 0, 수익률: 0.00%, KRW 잔고: 1530179.15673916
2024-10-04 17:13:40,900:INFO:KRW-DOGE RSI: 57.21, 현재가: 145.2, 평균 매수가: 0, 수익률: 0.00%, KRW 잔고: 1530179.15673916
2024-10-04 17:13:42,211:INFO:KRW-BTC RSI: 52.76, 현재가: 82697000.0, 평균 매수가: 82640000.0, 수익률: 0.07%, KRW 잔고: 1530179.15673916
2024-10-04 17:13:42,211:INFO:KRW-BTC 추가 매수 조건 미충족 - 수익률이 유지 수익률보다 높음
2024-10-04 17:13:42,476:INFO:KRW-ETH RSI: 65.49, 현재가: 3210000.0, 평균 매수가: 3205000.0, 수익률: 0.16%, KRW 잔고: 1530179.15673916
2024-10-04 17:13:42,476:INFO:KRW-ETH 추가 매수 조건 미충족 - 수익률이 유지 수익률보다 높음
2024-10-04 17:13:42,723:INFO:KRW-XRP RSI: 80.65, 현재가: 708.0, 평균 매수가: 0, 수익률: 0.00%, KRW 잔고: 1530179.15673916
2024-10-04 17:13:42,983:INFO:KRW-ADA RSI: 58.36, 현재가: 470.4, 평균 매수가: 0, 수익률: 0.00%, KRW 잔고: 1530179.15673916
2024-10-04 17:13:43,249:INFO:KRW-DOGE RSI: 57.21, 현재가: 145.4, 평균 매수가: 0, 수익률: 0.00%, KRW 잔고: 1530179.15673916
2024-10-04 17:13:44,542:INFO:KRW-BTC RSI: 53.17, 현재가: 82697000.0, 평균 매수가: 82640000.0, 수익률: 0.07%, KRW 잔고: 1530179.15673916
2024-10-04 17:13:44,542:INFO:KRW-BTC 추가 매수 조건 미충족 - 수익률이 유지 수익률보다 높음
2024-10-04 17:13:44,804:INFO:KRW-ETH RSI: 65.49, 현재가: 3210000.0, 평균 매수가: 3205000.0, 수익률: 0.16%, KRW 잔고: 1530179.15673916
2024-10-04 17:13:44,804:INFO:KRW-ETH 추가 매수 조건 미충족 - 수익률이 유지 수익률보다 높음
2024-10-04 17:13:45,043:INFO:KRW-XRP RSI: 83.66, 현재가: 708.1, 평균 매수가: 0, 수익률: 0.00%, KRW 잔고: 1530179.15673916
2024-10-04 17:13:45,291:INFO:KRW-ADA RSI: 58.36, 현재가: 470.4, 평균 매수가: 0, 수익률: 0.00%, KRW 잔고: 1530179.15673916
2024-10-04 17:13:45,546:INFO:KRW-DOGE RSI: 57.21, 현재가: 145.4, 평균 매수가: 0, 수익률: 0.00%, KRW 잔고: 1530179.15673916
2024-10-04 17:13:46,840:INFO:KRW-BTC RSI: 53.17, 현재가: 82699000.0, 평균 매수가: 82640000.0, 수익률: 0.07%, KRW 잔고: 1530179.15673916
2024-10-04 17:13:46,840:INFO:KRW-BTC 추가 매수 조건 미충족 - 수익률이 유지 수익률보다 높음
2024-10-04 17:13:47,077:INFO:KRW-ETH RSI: 65.49, 현재가: 3210000.0, 평균 매수가: 3205000.0, 수익률: 0.16%, KRW 잔고: 1530179.15673916
2024-10-04 17:13:47,077:INFO:KRW-ETH 추가 매수 조건 미충족 - 수익률이 유지 수익률보다 높음
2024-10-04 17:13:47,346:INFO:KRW-XRP RSI: 83.66, 현재가: 708.1, 평균 매수가: 0, 수익률: 0.00%, KRW 잔고: 1530179.15673916
2024-10-04 17:13:47,596:INFO:KRW-ADA RSI: 58.36, 현재가: 470.4, 평균 매수가: 0, 수익률: 0.00%, KRW 잔고: 1530179.15673916
2024-10-04 17:13:47,854:INFO:KRW-DOGE RSI: 57.21, 현재가: 145.4, 평균 매수가: 0, 수익률: 0.00%, KRW 잔고: 1530179.15673916
2024-10-04 17:13:49,154:INFO:KRW-BTC RSI: 38.25, 현재가: 82644000.0, 평균 매수가: 82640000.0, 수익률: 0.00%, KRW 잔고: 1530179.15673916
2024-10-04 17:13:49,154:INFO:KRW-BTC 추가 매수 조건 미충족 - 수익률이 유지 수익률보다 높음
2024-10-04 17:13:49,420:INFO:KRW-ETH RSI: 65.49, 현재가: 3210000.0, 평균 매수가: 3205000.0, 수익률: 0.16%, KRW 잔고: 1530179.15673916
2024-10-04 17:13:49,420:INFO:KRW-ETH 추가 매수 조건 미충족 - 수익률이 유지 수익률보다 높음
2024-10-04 17:13:49,678:INFO:KRW-XRP RSI: 75.24, 현재가: 708.0, 평균 매수가: 0, 수익률: 0.00%, KRW 잔고: 1530179.15673916
2024-10-04 17:13:49,943:INFO:KRW-ADA RSI: 58.36, 현재가: 470.4, 평균 매수가: 0, 수익률: 0.00%, KRW 잔고: 1530179.15673916
2024-10-04 17:13:50,199:INFO:KRW-DOGE RSI: 57.21, 현재가: 145.4, 평균 매수가: 0, 수익률: 0.00%, KRW 잔고: 1530179.15673916
2024-10-04 17:13:51,525:INFO:KRW-BTC RSI: 34.46, 현재가: 82625000.0, 평균 매수가: 82640000.0, 수익률: -0.02%, KRW 잔고: 1530179.15673916
2024-10-04 17:13:51,526:INFO:KRW-BTC 추가 매수 조건 미충족 - 수익률이 유지 수익률보다 높음
2024-10-04 17:13:51,790:INFO:KRW-ETH RSI: 58.47, 현재가: 3210000.0, 평균 매수가: 3205000.0, 수익률: 0.16%, KRW 잔고: 1530179.15673916
2024-10-04 17:13:51,790:INFO:KRW-ETH 추가 매수 조건 미충족 - 수익률이 유지 수익률보다 높음
2024-10-04 17:13:52,045:INFO:KRW-XRP RSI: 72.80, 현재가: 707.7, 평균 매수가: 0, 수익률: 0.00%, KRW 잔고: 1530179.15673916
2024-10-04 17:13:52,317:INFO:KRW-ADA RSI: 51.60, 현재가: 470.7, 평균 매수가: 0, 수익률: 0.00%, KRW 잔고: 1530179.15673916
2024-10-04 17:13:52,580:INFO:KRW-DOGE RSI: 40.82, 현재가: 145.2, 평균 매수가: 0, 수익률: 0.00%, KRW 잔고: 1530179.15673916
2024-10-04 17:13:53,883:INFO:KRW-BTC RSI: 41.31, 현재가: 82653000.0, 평균 매수가: 82640000.0, 수익률: 0.02%, KRW 잔고: 1530179.15673916
2024-10-04 17:13:53,883:INFO:KRW-BTC 추가 매수 조건 미충족 - 수익률이 유지 수익률보다 높음
2024-10-04 17:13:54,151:INFO:KRW-ETH RSI: 58.47, 현재가: 3209000.0, 평균 매수가: 3205000.0, 수익률: 0.12%, KRW 잔고: 1530179.15673916
2024-10-04 17:13:54,151:INFO:KRW-ETH 추가 매수 조건 미충족 - 수익률이 유지 수익률보다 높음
2024-10-04 17:13:54,403:INFO:KRW-XRP RSI: 70.51, 현재가: 707.7, 평균 매수가: 0, 수익률: 0.00%, KRW 잔고: 1530179.15673916
2024-10-04 17:13:54,655:INFO:KRW-ADA RSI: 51.60, 현재가: 470.7, 평균 매수가: 0, 수익률: 0.00%, KRW 잔고: 1530179.15673916
2024-10-04 17:13:54,935:INFO:KRW-DOGE RSI: 40.82, 현재가: 145.2, 평균 매수가: 0, 수익률: 0.00%, KRW 잔고: 1530179.15673916
2024-10-04 17:13:56,257:INFO:KRW-BTC RSI: 41.31, 현재가: 82653000.0, 평균 매수가: 82640000.0, 수익률: 0.02%, KRW 잔고: 1530179.15673916
2024-10-04 17:13:56,257:INFO:KRW-BTC 추가 매수 조건 미충족 - 수익률이 유지 수익률보다 높음
2024-10-04 17:13:56,524:INFO:KRW-ETH RSI: 58.47, 현재가: 3209000.0, 평균 매수가: 3205000.0, 수익률: 0.12%, KRW 잔고: 1530179.15673916
2024-10-04 17:13:56,524:INFO:KRW-ETH 추가 매수 조건 미충족 - 수익률이 유지 수익률보다 높음
2024-10-04 17:13:56,784:INFO:KRW-XRP RSI: 70.51, 현재가: 707.6, 평균 매수가: 0, 수익률: 0.00%, KRW 잔고: 1530179.15673916
2024-10-04 17:13:57,051:INFO:KRW-ADA RSI: 51.60, 현재가: 470.7, 평균 매수가: 0, 수익률: 0.00%, KRW 잔고: 1530179.15673916
2024-10-04 17:13:57,309:INFO:KRW-DOGE RSI: 40.82, 현재가: 145.2, 평균 매수가: 0, 수익률: 0.00%, KRW 잔고: 1530179.15673916
2024-10-04 17:13:58,626:INFO:KRW-BTC RSI: 41.31, 현재가: 82653000.0, 평균 매수가: 82640000.0, 수익률: 0.02%, KRW 잔고: 1530179.15673916
2024-10-04 17:13:58,627:INFO:KRW-BTC 추가 매수 조건 미충족 - 수익률이 유지 수익률보다 높음
2024-10-04 17:13:58,879:INFO:KRW-ETH RSI: 48.15, 현재가: 3209000.0, 평균 매수가: 3205000.0, 수익률: 0.12%, KRW 잔고: 1530179.15673916
2024-10-04 17:13:58,879:INFO:KRW-ETH 추가 매수 조건 미충족 - 수익률이 유지 수익률보다 높음
2024-10-04 17:13:59,138:INFO:KRW-XRP RSI: 70.51, 현재가: 707.6, 평균 매수가: 0, 수익률: 0.00%, KRW 잔고: 1530179.15673916
2024-10-04 17:13:59,403:INFO:KRW-ADA RSI: 56.75, 현재가: 471.0, 평균 매수가: 0, 수익률: 0.00%, KRW 잔고: 1530179.15673916
2024-10-04 17:13:59,668:INFO:KRW-DOGE RSI: 40.82, 현재가: 145.2, 평균 매수가: 0, 수익률: 0.00%, KRW 잔고: 1530179.15673916
2024-10-04 17:14:00,979:INFO:KRW-BTC RSI: 41.31, 현재가: 82653000.0, 평균 매수가: 82640000.0, 수익률: 0.02%, KRW 잔고: 1530179.15673916
2024-10-04 17:14:00,979:INFO:KRW-BTC 추가 매수 조건 미충족 - 수익률이 유지 수익률보다 높음
2024-10-04 17:14:01,238:INFO:KRW-ETH RSI: 48.15, 현재가: 3207000.0, 평균 매수가: 3205000.0, 수익률: 0.06%, KRW 잔고: 1530179.15673916
2024-10-04 17:14:01,238:INFO:KRW-ETH 추가 매수 조건 미충족 - 수익률이 유지 수익률보다 높음
2024-10-04 17:14:01,512:INFO:KRW-XRP RSI: 69.64, 현재가: 707.6, 평균 매수가: 0, 수익률: 0.00%, KRW 잔고: 1530179.15673916
2024-10-04 17:14:01,781:INFO:KRW-ADA RSI: 56.75, 현재가: 471.0, 평균 매수가: 0, 수익률: 0.00%, KRW 잔고: 1530179.15673916
2024-10-04 17:14:02,056:INFO:KRW-DOGE RSI: 35.36, 현재가: 145.1, 평균 매수가: 0, 수익률: 0.00%, KRW 잔고: 1530179.15673916
2024-10-04 17:14:03,365:INFO:KRW-BTC RSI: 35.43, 현재가: 82625000.0, 평균 매수가: 82640000.0, 수익률: -0.02%, KRW 잔고: 1530179.15673916
2024-10-04 17:14:03,365:INFO:KRW-BTC 추가 매수 조건 미충족 - 수익률이 유지 수익률보다 높음
2024-10-04 17:14:03,628:INFO:KRW-ETH RSI: 48.15, 현재가: 3207000.0, 평균 매수가: 3205000.0, 수익률: 0.06%, KRW 잔고: 1530179.15673916
2024-10-04 17:14:03,629:INFO:KRW-ETH 추가 매수 조건 미충족 - 수익률이 유지 수익률보다 높음
2024-10-04 17:14:03,900:INFO:KRW-XRP RSI: 77.56, 현재가: 707.6, 평균 매수가: 0, 수익률: 0.00%, KRW 잔고: 1530179.15673916
2024-10-04 17:14:04,171:INFO:KRW-ADA RSI: 56.75, 현재가: 471.0, 평균 매수가: 0, 수익률: 0.00%, KRW 잔고: 1530179.15673916
2024-10-04 17:14:04,441:INFO:KRW-DOGE RSI: 35.36, 현재가: 145.1, 평균 매수가: 0, 수익률: 0.00%, KRW 잔고: 1530179.15673916
2024-10-04 17:14:05,752:INFO:KRW-BTC RSI: 35.43, 현재가: 82625000.0, 평균 매수가: 82640000.0, 수익률: -0.02%, KRW 잔고: 1530179.15673916
2024-10-04 17:14:05,753:INFO:KRW-BTC 추가 매수 조건 미충족 - 수익률이 유지 수익률보다 높음
2024-10-04 17:14:06,013:INFO:KRW-ETH RSI: 48.15, 현재가: 3207000.0, 평균 매수가: 3205000.0, 수익률: 0.06%, KRW 잔고: 1530179.15673916
2024-10-04 17:14:06,013:INFO:KRW-ETH 추가 매수 조건 미충족 - 수익률이 유지 수익률보다 높음
2024-10-04 17:14:06,278:INFO:KRW-XRP RSI: 69.64, 현재가: 707.6, 평균 매수가: 0, 수익률: 0.00%, KRW 잔고: 1530179.15673916
2024-10-04 17:14:06,545:INFO:KRW-ADA RSI: 56.75, 현재가: 471.0, 평균 매수가: 0, 수익률: 0.00%, KRW 잔고: 1530179.15673916
2024-10-04 17:14:06,814:INFO:KRW-DOGE RSI: 40.82, 현재가: 145.1, 평균 매수가: 0, 수익률: 0.00%, KRW 잔고: 1530179.15673916
2024-10-04 17:14:08,127:INFO:KRW-BTC RSI: 35.43, 현재가: 82625000.0, 평균 매수가: 82640000.0, 수익률: -0.02%, KRW 잔고: 1530179.15673916
2024-10-04 17:14:08,127:INFO:KRW-BTC 추가 매수 조건 미충족 - 수익률이 유지 수익률보다 높음
2024-10-04 17:14:08,389:INFO:KRW-ETH RSI: 48.15, 현재가: 3207000.0, 평균 매수가: 3205000.0, 수익률: 0.06%, KRW 잔고: 1530179.15673916
2024-10-04 17:14:08,389:INFO:KRW-ETH 추가 매수 조건 미충족 - 수익률이 유지 수익률보다 높음
2024-10-04 17:14:08,662:INFO:KRW-XRP RSI: 77.56, 현재가: 707.9, 평균 매수가: 0, 수익률: 0.00%, KRW 잔고: 1530179.15673916
2024-10-04 17:14:08,927:INFO:KRW-ADA RSI: 56.75, 현재가: 471.0, 평균 매수가: 0, 수익률: 0.00%, KRW 잔고: 1530179.15673916
2024-10-04 17:14:09,185:INFO:KRW-DOGE RSI: 40.82, 현재가: 145.2, 평균 매수가: 0, 수익률: 0.00%, KRW 잔고: 1530179.15673916
2024-10-04 17:14:10,519:INFO:KRW-BTC RSI: 35.43, 현재가: 82625000.0, 평균 매수가: 82640000.0, 수익률: -0.02%, KRW 잔고: 1530179.15673916
2024-10-04 17:14:10,519:INFO:KRW-BTC 추가 매수 조건 미충족 - 수익률이 유지 수익률보다 높음
2024-10-04 17:14:10,771:INFO:KRW-ETH RSI: 48.15, 현재가: 3207000.0, 평균 매수가: 3205000.0, 수익률: 0.06%, KRW 잔고: 1530179.15673916
2024-10-04 17:14:10,771:INFO:KRW-ETH 추가 매수 조건 미충족 - 수익률이 유지 수익률보다 높음
2024-10-04 17:14:11,044:INFO:KRW-XRP RSI: 69.64, 현재가: 707.6, 평균 매수가: 0, 수익률: 0.00%, KRW 잔고: 1530179.15673916
2024-10-04 17:14:11,307:INFO:KRW-ADA RSI: 56.75, 현재가: 471.0, 평균 매수가: 0, 수익률: 0.00%, KRW 잔고: 1530179.15673916
2024-10-04 17:14:11,585:INFO:KRW-DOGE RSI: 40.82, 현재가: 145.2, 평균 매수가: 0, 수익률: 0.00%, KRW 잔고: 1530179.15673916
2024-10-04 17:14:12,907:INFO:KRW-BTC RSI: 35.43, 현재가: 82625000.0, 평균 매수가: 82640000.0, 수익률: -0.02%, KRW 잔고: 1530179.15673916
2024-10-04 17:14:12,907:INFO:KRW-BTC 추가 매수 조건 미충족 - 수익률이 유지 수익률보다 높음
2024-10-04 17:14:13,177:INFO:KRW-ETH RSI: 48.15, 현재가: 3207000.0, 평균 매수가: 3205000.0, 수익률: 0.06%, KRW 잔고: 1530179.15673916
2024-10-04 17:14:13,177:INFO:KRW-ETH 추가 매수 조건 미충족 - 수익률이 유지 수익률보다 높음
2024-10-04 17:14:13,443:INFO:KRW-XRP RSI: 74.73, 현재가: 707.6, 평균 매수가: 0, 수익률: 0.00%, KRW 잔고: 1530179.15673916
2024-10-04 17:14:13,702:INFO:KRW-ADA RSI: 56.75, 현재가: 471.0, 평균 매수가: 0, 수익률: 0.00%, KRW 잔고: 1530179.15673916
2024-10-04 17:14:13,975:INFO:KRW-DOGE RSI: 40.82, 현재가: 145.2, 평균 매수가: 0, 수익률: 0.00%, KRW 잔고: 1530179.15673916
2024-10-04 17:14:15,293:INFO:KRW-BTC RSI: 35.43, 현재가: 82625000.0, 평균 매수가: 82640000.0, 수익률: -0.02%, KRW 잔고: 1530179.15673916
2024-10-04 17:14:15,293:INFO:KRW-BTC 추가 매수 조건 미충족 - 수익률이 유지 수익률보다 높음
2024-10-04 17:14:15,556:INFO:KRW-ETH RSI: 56.43, 현재가: 3209000.0, 평균 매수가: 3205000.0, 수익률: 0.12%, KRW 잔고: 1530179.15673916
2024-10-04 17:14:15,556:INFO:KRW-ETH 추가 매수 조건 미충족 - 수익률이 유지 수익률보다 높음
2024-10-04 17:14:15,822:INFO:KRW-XRP RSI: 74.73, 현재가: 707.8, 평균 매수가: 0, 수익률: 0.00%, KRW 잔고: 1530179.15673916
2024-10-04 17:14:16,090:INFO:KRW-ADA RSI: 56.75, 현재가: 471.0, 평균 매수가: 0, 수익률: 0.00%, KRW 잔고: 1530179.15673916
2024-10-04 17:14:16,339:INFO:KRW-DOGE RSI: 40.82, 현재가: 145.2, 평균 매수가: 0, 수익률: 0.00%, KRW 잔고: 1530179.15673916
2024-10-04 17:14:17,643:INFO:KRW-BTC RSI: 35.43, 현재가: 82625000.0, 평균 매수가: 82640000.0, 수익률: -0.02%, KRW 잔고: 1530179.15673916
2024-10-04 17:14:17,643:INFO:KRW-BTC 추가 매수 조건 미충족 - 수익률이 유지 수익률보다 높음
2024-10-04 17:14:17,911:INFO:KRW-ETH RSI: 56.43, 현재가: 3209000.0, 평균 매수가: 3205000.0, 수익률: 0.12%, KRW 잔고: 1530179.15673916
2024-10-04 17:14:17,911:INFO:KRW-ETH 추가 매수 조건 미충족 - 수익률이 유지 수익률보다 높음
2024-10-04 17:14:18,176:INFO:KRW-XRP RSI: 72.09, 현재가: 707.8, 평균 매수가: 0, 수익률: 0.00%, KRW 잔고: 1530179.15673916
2024-10-04 17:14:18,439:INFO:KRW-ADA RSI: 56.75, 현재가: 471.0, 평균 매수가: 0, 수익률: 0.00%, KRW 잔고: 1530179.15673916
2024-10-04 17:14:18,704:INFO:KRW-DOGE RSI: 40.82, 현재가: 145.2, 평균 매수가: 0, 수익률: 0.00%, KRW 잔고: 1530179.15673916
2024-10-04 17:14:20,016:INFO:KRW-BTC RSI: 35.43, 현재가: 82625000.0, 평균 매수가: 82640000.0, 수익률: -0.02%, KRW 잔고: 1530179.15673916
2024-10-04 17:14:20,016:INFO:KRW-BTC 추가 매수 조건 미충족 - 수익률이 유지 수익률보다 높음
2024-10-04 17:14:20,286:INFO:KRW-ETH RSI: 56.43, 현재가: 3209000.0, 평균 매수가: 3205000.0, 수익률: 0.12%, KRW 잔고: 1530179.15673916
2024-10-04 17:14:20,286:INFO:KRW-ETH 추가 매수 조건 미충족 - 수익률이 유지 수익률보다 높음
2024-10-04 17:14:20,546:INFO:KRW-XRP RSI: 74.73, 현재가: 707.7, 평균 매수가: 0, 수익률: 0.00%, KRW 잔고: 1530179.15673916
2024-10-04 17:14:20,823:INFO:KRW-ADA RSI: 56.75, 현재가: 471.0, 평균 매수가: 0, 수익률: 0.00%, KRW 잔고: 1530179.15673916
2024-10-04 17:14:21,089:INFO:KRW-DOGE RSI: 40.82, 현재가: 145.2, 평균 매수가: 0, 수익률: 0.00%, KRW 잔고: 1530179.15673916
2024-10-04 17:14:22,402:INFO:KRW-BTC RSI: 35.43, 현재가: 82625000.0, 평균 매수가: 82640000.0, 수익률: -0.02%, KRW 잔고: 1530179.15673916
2024-10-04 17:14:22,403:INFO:KRW-BTC 추가 매수 조건 미충족 - 수익률이 유지 수익률보다 높음
2024-10-04 17:14:22,668:INFO:KRW-ETH RSI: 48.15, 현재가: 3207000.0, 평균 매수가: 3205000.0, 수익률: 0.06%, KRW 잔고: 1530179.15673916
2024-10-04 17:14:22,668:INFO:KRW-ETH 추가 매수 조건 미충족 - 수익률이 유지 수익률보다 높음
2024-10-04 17:14:22,930:INFO:KRW-XRP RSI: 72.09, 현재가: 707.8, 평균 매수가: 0, 수익률: 0.00%, KRW 잔고: 1530179.15673916
2024-10-04 17:14:23,217:INFO:KRW-ADA RSI: 56.75, 현재가: 471.0, 평균 매수가: 0, 수익률: 0.00%, KRW 잔고: 1530179.15673916
2024-10-04 17:14:23,477:INFO:KRW-DOGE RSI: 40.82, 현재가: 145.2, 평균 매수가: 0, 수익률: 0.00%, KRW 잔고: 1530179.15673916
2024-10-04 17:14:24,790:INFO:KRW-BTC RSI: 43.97, 현재가: 82661000.0, 평균 매수가: 82640000.0, 수익률: 0.03%, KRW 잔고: 1530179.15673916
2024-10-04 17:14:24,790:INFO:KRW-BTC 추가 매수 조건 미충족 - 수익률이 유지 수익률보다 높음
2024-10-04 17:14:25,059:INFO:KRW-ETH RSI: 48.15, 현재가: 3207000.0, 평균 매수가: 3205000.0, 수익률: 0.06%, KRW 잔고: 1530179.15673916
2024-10-04 17:14:25,059:INFO:KRW-ETH 추가 매수 조건 미충족 - 수익률이 유지 수익률보다 높음
2024-10-04 17:14:25,323:INFO:KRW-XRP RSI: 74.73, 현재가: 707.7, 평균 매수가: 0, 수익률: 0.00%, KRW 잔고: 1530179.15673916
2024-10-04 17:14:25,602:INFO:KRW-ADA RSI: 56.75, 현재가: 471.0, 평균 매수가: 0, 수익률: 0.00%, KRW 잔고: 1530179.15673916
2024-10-04 17:14:25,873:INFO:KRW-DOGE RSI: 40.82, 현재가: 145.2, 평균 매수가: 0, 수익률: 0.00%, KRW 잔고: 1530179.15673916
2024-10-04 17:15:02,172:INFO:업비트 로그인 성공
2024-10-04 17:15:02,421:INFO:KRW-BTC RSI: 43.97, 현재가: 82661000.0, 평균 매수가: 82640000.0, 수익률: 0.03%, KRW 잔고: 1530179.15673916
2024-10-04 17:15:02,421:INFO:KRW-BTC 추가 매수 조건 미충족 - 수익률이 유지 수익률보다 높음
2024-10-04 17:15:02,698:INFO:KRW-ETH RSI: 51.96, 현재가: 3208000.0, 평균 매수가: 3205000.0, 수익률: 0.09%, KRW 잔고: 1530179.15673916
2024-10-04 17:15:02,699:INFO:KRW-ETH 추가 매수 조건 미충족 - 수익률이 유지 수익률보다 높음
2024-10-04 17:15:02,955:INFO:KRW-XRP RSI: 80.32, 현재가: 707.8, 평균 매수가: 0, 수익률: 0.00%, KRW 잔고: 1530179.15673916
2024-10-04 17:15:03,212:INFO:KRW-ADA RSI: 75.60, 현재가: 472.0, 평균 매수가: 0, 수익률: 0.00%, KRW 잔고: 1530179.15673916
2024-10-04 17:15:03,470:INFO:KRW-DOGE RSI: 48.73, 현재가: 145.3, 평균 매수가: 0, 수익률: 0.00%, KRW 잔고: 1530179.15673916
2024-10-04 17:15:04,773:INFO:KRW-BTC RSI: 55.18, 현재가: 82661000.0, 평균 매수가: 82640000.0, 수익률: 0.03%, KRW 잔고: 1530179.15673916
2024-10-04 17:15:04,773:INFO:KRW-BTC 추가 매수 조건 미충족 - 수익률이 유지 수익률보다 높음
2024-10-04 17:15:05,022:INFO:KRW-ETH RSI: 51.96, 현재가: 3208000.0, 평균 매수가: 3205000.0, 수익률: 0.09%, KRW 잔고: 1530179.15673916
2024-10-04 17:15:05,022:INFO:KRW-ETH 추가 매수 조건 미충족 - 수익률이 유지 수익률보다 높음
2024-10-04 17:15:05,287:INFO:KRW-XRP RSI: 77.06, 현재가: 707.7, 평균 매수가: 0, 수익률: 0.00%, KRW 잔고: 1530179.15673916
2024-10-04 17:15:05,551:INFO:KRW-ADA RSI: 75.60, 현재가: 472.0, 평균 매수가: 0, 수익률: 0.00%, KRW 잔고: 1530179.15673916
2024-10-04 17:15:05,805:INFO:KRW-DOGE RSI: 48.73, 현재가: 145.3, 평균 매수가: 0, 수익률: 0.00%, KRW 잔고: 1530179.15673916
2024-10-04 17:15:07,127:INFO:KRW-BTC RSI: 55.18, 현재가: 82661000.0, 평균 매수가: 82640000.0, 수익률: 0.03%, KRW 잔고: 1530179.15673916
2024-10-04 17:15:07,128:INFO:KRW-BTC 추가 매수 조건 미충족 - 수익률이 유지 수익률보다 높음
2024-10-04 17:15:07,374:INFO:KRW-ETH RSI: 51.96, 현재가: 3208000.0, 평균 매수가: 3205000.0, 수익률: 0.09%, KRW 잔고: 1530179.15673916
2024-10-04 17:15:07,374:INFO:KRW-ETH 추가 매수 조건 미충족 - 수익률이 유지 수익률보다 높음
2024-10-04 17:15:07,620:INFO:KRW-XRP RSI: 80.32, 현재가: 707.8, 평균 매수가: 0, 수익률: 0.00%, KRW 잔고: 1530179.15673916
2024-10-04 17:15:07,878:INFO:KRW-ADA RSI: 75.60, 현재가: 472.0, 평균 매수가: 0, 수익률: 0.00%, KRW 잔고: 1530179.15673916
2024-10-04 17:15:08,135:INFO:KRW-DOGE RSI: 48.73, 현재가: 145.3, 평균 매수가: 0, 수익률: 0.00%, KRW 잔고: 1530179.15673916
2024-10-04 17:15:09,467:INFO:KRW-BTC RSI: 55.18, 현재가: 82661000.0, 평균 매수가: 82640000.0, 수익률: 0.03%, KRW 잔고: 1530179.15673916
2024-10-04 17:15:09,468:INFO:KRW-BTC 추가 매수 조건 미충족 - 수익률이 유지 수익률보다 높음
2024-10-04 17:15:09,724:INFO:KRW-ETH RSI: 51.96, 현재가: 3208000.0, 평균 매수가: 3205000.0, 수익률: 0.09%, KRW 잔고: 1530179.15673916
2024-10-04 17:15:09,724:INFO:KRW-ETH 추가 매수 조건 미충족 - 수익률이 유지 수익률보다 높음
2024-10-04 17:15:09,961:INFO:KRW-XRP RSI: 80.32, 현재가: 707.8, 평균 매수가: 0, 수익률: 0.00%, KRW 잔고: 1530179.15673916
2024-10-04 17:15:10,204:INFO:KRW-ADA RSI: 75.60, 현재가: 472.0, 평균 매수가: 0, 수익률: 0.00%, KRW 잔고: 1530179.15673916
2024-10-04 17:15:10,457:INFO:KRW-DOGE RSI: 48.73, 현재가: 145.3, 평균 매수가: 0, 수익률: 0.00%, KRW 잔고: 1530179.15673916
2024-10-04 17:15:11,751:INFO:KRW-BTC RSI: 55.18, 현재가: 82661000.0, 평균 매수가: 82640000.0, 수익률: 0.03%, KRW 잔고: 1530179.15673916
2024-10-04 17:15:11,751:INFO:KRW-BTC 추가 매수 조건 미충족 - 수익률이 유지 수익률보다 높음
2024-10-04 17:15:12,003:INFO:KRW-ETH RSI: 51.96, 현재가: 3208000.0, 평균 매수가: 3205000.0, 수익률: 0.09%, KRW 잔고: 1530179.15673916
2024-10-04 17:15:12,003:INFO:KRW-ETH 추가 매수 조건 미충족 - 수익률이 유지 수익률보다 높음
2024-10-04 17:15:12,257:INFO:KRW-XRP RSI: 80.32, 현재가: 707.8, 평균 매수가: 0, 수익률: 0.00%, KRW 잔고: 1530179.15673916
2024-10-04 17:15:12,523:INFO:KRW-ADA RSI: 70.95, 현재가: 472.0, 평균 매수가: 0, 수익률: 0.00%, KRW 잔고: 1530179.15673916
2024-10-04 17:15:12,768:INFO:KRW-DOGE RSI: 48.73, 현재가: 145.3, 평균 매수가: 0, 수익률: 0.00%, KRW 잔고: 1530179.15673916
2024-10-04 17:15:14,056:INFO:KRW-BTC RSI: 55.52, 현재가: 82628000.0, 평균 매수가: 82640000.0, 수익률: -0.01%, KRW 잔고: 1530179.15673916
2024-10-04 17:15:14,057:INFO:KRW-BTC 추가 매수 조건 미충족 - 수익률이 유지 수익률보다 높음
2024-10-04 17:15:14,298:INFO:KRW-ETH RSI: 51.96, 현재가: 3208000.0, 평균 매수가: 3205000.0, 수익률: 0.09%, KRW 잔고: 1530179.15673916
2024-10-04 17:15:14,298:INFO:KRW-ETH 추가 매수 조건 미충족 - 수익률이 유지 수익률보다 높음
2024-10-04 17:15:14,544:INFO:KRW-XRP RSI: 80.32, 현재가: 707.8, 평균 매수가: 0, 수익률: 0.00%, KRW 잔고: 1530179.15673916
2024-10-04 17:15:14,800:INFO:KRW-ADA RSI: 70.95, 현재가: 471.8, 평균 매수가: 0, 수익률: 0.00%, KRW 잔고: 1530179.15673916
2024-10-04 17:15:15,048:INFO:KRW-DOGE RSI: 48.73, 현재가: 145.3, 평균 매수가: 0, 수익률: 0.00%, KRW 잔고: 1530179.15673916
2024-10-04 17:15:16,333:INFO:KRW-BTC RSI: 58.95, 현재가: 82673000.0, 평균 매수가: 82640000.0, 수익률: 0.04%, KRW 잔고: 1530179.15673916
2024-10-04 17:15:16,333:INFO:KRW-BTC 추가 매수 조건 미충족 - 수익률이 유지 수익률보다 높음
2024-10-04 17:15:16,591:INFO:KRW-ETH RSI: 51.96, 현재가: 3208000.0, 평균 매수가: 3205000.0, 수익률: 0.09%, KRW 잔고: 1530179.15673916
2024-10-04 17:15:16,591:INFO:KRW-ETH 추가 매수 조건 미충족 - 수익률이 유지 수익률보다 높음
2024-10-04 17:15:16,843:INFO:KRW-XRP RSI: 77.06, 현재가: 707.8, 평균 매수가: 0, 수익률: 0.00%, KRW 잔고: 1530179.15673916
2024-10-04 17:15:17,101:INFO:KRW-ADA RSI: 70.95, 현재가: 471.8, 평균 매수가: 0, 수익률: 0.00%, KRW 잔고: 1530179.15673916
2024-10-04 17:15:17,345:INFO:KRW-DOGE RSI: 48.73, 현재가: 145.3, 평균 매수가: 0, 수익률: 0.00%, KRW 잔고: 1530179.15673916
2024-10-04 17:15:18,644:INFO:KRW-BTC RSI: 55.52, 현재가: 82662000.0, 평균 매수가: 82640000.0, 수익률: 0.03%, KRW 잔고: 1530179.15673916
2024-10-04 17:15:18,644:INFO:KRW-BTC 추가 매수 조건 미충족 - 수익률이 유지 수익률보다 높음
2024-10-04 17:15:18,906:INFO:KRW-ETH RSI: 51.96, 현재가: 3208000.0, 평균 매수가: 3205000.0, 수익률: 0.09%, KRW 잔고: 1530179.15673916
2024-10-04 17:15:18,907:INFO:KRW-ETH 추가 매수 조건 미충족 - 수익률이 유지 수익률보다 높음
2024-10-04 17:15:19,159:INFO:KRW-XRP RSI: 77.06, 현재가: 707.7, 평균 매수가: 0, 수익률: 0.00%, KRW 잔고: 1530179.15673916
2024-10-04 17:15:19,431:INFO:KRW-ADA RSI: 70.95, 현재가: 471.8, 평균 매수가: 0, 수익률: 0.00%, KRW 잔고: 1530179.15673916
2024-10-04 17:15:19,696:INFO:KRW-DOGE RSI: 51.35, 현재가: 145.3, 평균 매수가: 0, 수익률: 0.00%, KRW 잔고: 1530179.15673916
2024-10-04 17:15:20,986:INFO:KRW-BTC RSI: 58.66, 현재가: 82672000.0, 평균 매수가: 82640000.0, 수익률: 0.04%, KRW 잔고: 1530179.15673916
2024-10-04 17:15:20,986:INFO:KRW-BTC 추가 매수 조건 미충족 - 수익률이 유지 수익률보다 높음
2024-10-04 17:15:21,249:INFO:KRW-ETH RSI: 48.15, 현재가: 3208000.0, 평균 매수가: 3205000.0, 수익률: 0.09%, KRW 잔고: 1530179.15673916
2024-10-04 17:15:21,249:INFO:KRW-ETH 추가 매수 조건 미충족 - 수익률이 유지 수익률보다 높음
2024-10-04 17:15:21,498:INFO:KRW-XRP RSI: 80.32, 현재가: 707.8, 평균 매수가: 0, 수익률: 0.00%, KRW 잔고: 1530179.15673916
2024-10-04 17:15:21,742:INFO:KRW-ADA RSI: 70.95, 현재가: 471.8, 평균 매수가: 0, 수익률: 0.00%, KRW 잔고: 1530179.15673916
2024-10-04 17:15:22,020:INFO:KRW-DOGE RSI: 51.35, 현재가: 145.3, 평균 매수가: 0, 수익률: 0.00%, KRW 잔고: 1530179.15673916
2024-10-04 17:15:23,322:INFO:KRW-BTC RSI: 58.66, 현재가: 82672000.0, 평균 매수가: 82640000.0, 수익률: 0.04%, KRW 잔고: 1530179.15673916
2024-10-04 17:15:23,322:INFO:KRW-BTC 추가 매수 조건 미충족 - 수익률이 유지 수익률보다 높음
2024-10-04 17:15:23,571:INFO:KRW-ETH RSI: 59.88, 현재가: 3207000.0, 평균 매수가: 3205000.0, 수익률: 0.06%, KRW 잔고: 1530179.15673916
2024-10-04 17:15:23,571:INFO:KRW-ETH 추가 매수 조건 미충족 - 수익률이 유지 수익률보다 높음
2024-10-04 17:16:42,058:INFO:업비트 로그인 성공
2024-10-04 17:16:42,301:INFO:KRW-BTC RSI: 56.15, 현재가: 82664000.0, 평균 매수가: 82640000.0, 수익률: 0.03%, KRW 잔고: 1530179.15673916
2024-10-04 17:16:42,302:INFO:KRW-BTC 추가 매수 조건 미충족 - 수익률이 유지 수익률보다 높음
2024-10-04 17:16:42,569:INFO:KRW-ETH RSI: 53.33, 현재가: 3208000.0, 평균 매수가: 3205000.0, 수익률: 0.09%, KRW 잔고: 1530179.15673916
2024-10-04 17:16:42,570:INFO:KRW-ETH 추가 매수 조건 미충족 - 수익률이 유지 수익률보다 높음
2024-10-04 17:16:42,834:INFO:KRW-XRP RSI: 74.48, 현재가: 707.4, 평균 매수가: 0, 수익률: 0.00%, KRW 잔고: 1530179.15673916
2024-10-04 17:16:43,106:INFO:KRW-ADA RSI: 70.61, 현재가: 471.8, 평균 매수가: 0, 수익률: 0.00%, KRW 잔고: 1530179.15673916
2024-10-04 17:16:43,374:INFO:KRW-DOGE RSI: 40.47, 현재가: 145.1, 평균 매수가: 0, 수익률: 0.00%, KRW 잔고: 1530179.15673916
2024-10-04 17:16:44,693:INFO:KRW-BTC RSI: 56.15, 현재가: 82664000.0, 평균 매수가: 82640000.0, 수익률: 0.03%, KRW 잔고: 1530179.15673916
2024-10-04 17:16:44,693:INFO:KRW-BTC 추가 매수 조건 미충족 - 수익률이 유지 수익률보다 높음
2024-10-04 17:16:44,954:INFO:KRW-ETH RSI: 53.33, 현재가: 3208000.0, 평균 매수가: 3205000.0, 수익률: 0.09%, KRW 잔고: 1530179.15673916
2024-10-04 17:16:44,955:INFO:KRW-ETH 추가 매수 조건 미충족 - 수익률이 유지 수익률보다 높음
2024-10-04 17:16:45,201:INFO:KRW-XRP RSI: 75.51, 현재가: 707.6, 평균 매수가: 0, 수익률: 0.00%, KRW 잔고: 1530179.15673916
2024-10-04 17:16:45,472:INFO:KRW-ADA RSI: 70.61, 현재가: 471.8, 평균 매수가: 0, 수익률: 0.00%, KRW 잔고: 1530179.15673916
2024-10-04 17:16:45,720:INFO:KRW-DOGE RSI: 40.47, 현재가: 145.1, 평균 매수가: 0, 수익률: 0.00%, KRW 잔고: 1530179.15673916
2024-10-04 17:16:47,025:INFO:KRW-BTC RSI: 56.15, 현재가: 82664000.0, 평균 매수가: 82640000.0, 수익률: 0.03%, KRW 잔고: 1530179.15673916
2024-10-04 17:16:47,025:INFO:KRW-BTC 추가 매수 조건 미충족 - 수익률이 유지 수익률보다 높음
2024-10-04 17:16:47,267:INFO:KRW-ETH RSI: 53.33, 현재가: 3208000.0, 평균 매수가: 3205000.0, 수익률: 0.09%, KRW 잔고: 1530179.15673916
2024-10-04 17:16:47,267:INFO:KRW-ETH 추가 매수 조건 미충족 - 수익률이 유지 수익률보다 높음
2024-10-04 17:16:47,519:INFO:KRW-XRP RSI: 75.51, 현재가: 707.6, 평균 매수가: 0, 수익률: 0.00%, KRW 잔고: 1530179.15673916
2024-10-04 17:16:47,776:INFO:KRW-ADA RSI: 70.61, 현재가: 471.8, 평균 매수가: 0, 수익률: 0.00%, KRW 잔고: 1530179.15673916
2024-10-04 17:16:48,042:INFO:KRW-DOGE RSI: 46.45, 현재가: 145.1, 평균 매수가: 0, 수익률: 0.00%, KRW 잔고: 1530179.15673916
2024-10-04 17:16:49,360:INFO:KRW-BTC RSI: 56.15, 현재가: 82664000.0, 평균 매수가: 82640000.0, 수익률: 0.03%, KRW 잔고: 1530179.15673916
2024-10-04 17:16:49,360:INFO:KRW-BTC 추가 매수 조건 미충족 - 수익률이 유지 수익률보다 높음
2024-10-04 17:16:49,602:INFO:KRW-ETH RSI: 53.33, 현재가: 3208000.0, 평균 매수가: 3205000.0, 수익률: 0.09%, KRW 잔고: 1530179.15673916
2024-10-04 17:16:49,602:INFO:KRW-ETH 추가 매수 조건 미충족 - 수익률이 유지 수익률보다 높음
2024-10-04 17:16:49,853:INFO:KRW-XRP RSI: 74.48, 현재가: 707.5, 평균 매수가: 0, 수익률: 0.00%, KRW 잔고: 1530179.15673916
2024-10-04 17:16:50,119:INFO:KRW-ADA RSI: 70.61, 현재가: 471.8, 평균 매수가: 0, 수익률: 0.00%, KRW 잔고: 1530179.15673916
2024-10-04 17:16:50,360:INFO:KRW-DOGE RSI: 46.45, 현재가: 145.2, 평균 매수가: 0, 수익률: 0.00%, KRW 잔고: 1530179.15673916
2024-10-04 17:16:51,654:INFO:KRW-BTC RSI: 56.44, 현재가: 82665000.0, 평균 매수가: 82640000.0, 수익률: 0.03%, KRW 잔고: 1530179.15673916
2024-10-04 17:16:51,654:INFO:KRW-BTC 추가 매수 조건 미충족 - 수익률이 유지 수익률보다 높음
2024-10-04 17:16:51,907:INFO:KRW-ETH RSI: 53.33, 현재가: 3208000.0, 평균 매수가: 3205000.0, 수익률: 0.09%, KRW 잔고: 1530179.15673916
2024-10-04 17:16:51,907:INFO:KRW-ETH 추가 매수 조건 미충족 - 수익률이 유지 수익률보다 높음
2024-10-04 17:16:52,150:INFO:KRW-XRP RSI: 75.51, 현재가: 707.5, 평균 매수가: 0, 수익률: 0.00%, KRW 잔고: 1530179.15673916
2024-10-04 17:16:52,396:INFO:KRW-ADA RSI: 70.61, 현재가: 471.8, 평균 매수가: 0, 수익률: 0.00%, KRW 잔고: 1530179.15673916
2024-10-04 17:16:52,643:INFO:KRW-DOGE RSI: 46.45, 현재가: 145.2, 평균 매수가: 0, 수익률: 0.00%, KRW 잔고: 1530179.15673916
2024-10-04 17:16:53,941:INFO:KRW-BTC RSI: 56.44, 현재가: 82665000.0, 평균 매수가: 82640000.0, 수익률: 0.03%, KRW 잔고: 1530179.15673916
2024-10-04 17:16:53,941:INFO:KRW-BTC 추가 매수 조건 미충족 - 수익률이 유지 수익률보다 높음
2024-10-04 17:16:54,192:INFO:KRW-ETH RSI: 53.33, 현재가: 3208000.0, 평균 매수가: 3205000.0, 수익률: 0.09%, KRW 잔고: 1530179.15673916
2024-10-04 17:16:54,192:INFO:KRW-ETH 추가 매수 조건 미충족 - 수익률이 유지 수익률보다 높음
2024-10-04 17:16:54,440:INFO:KRW-XRP RSI: 75.51, 현재가: 707.6, 평균 매수가: 0, 수익률: 0.00%, KRW 잔고: 1530179.15673916
2024-10-04 17:16:54,708:INFO:KRW-ADA RSI: 70.61, 현재가: 471.8, 평균 매수가: 0, 수익률: 0.00%, KRW 잔고: 1530179.15673916
2024-10-04 17:16:54,950:INFO:KRW-DOGE RSI: 46.45, 현재가: 145.2, 평균 매수가: 0, 수익률: 0.00%, KRW 잔고: 1530179.15673916
2024-10-04 17:16:56,256:INFO:KRW-BTC RSI: 57.80, 현재가: 82665000.0, 평균 매수가: 82640000.0, 수익률: 0.03%, KRW 잔고: 1530179.15673916
2024-10-04 17:16:56,256:INFO:KRW-BTC 추가 매수 조건 미충족 - 수익률이 유지 수익률보다 높음
2024-10-04 17:16:56,499:INFO:KRW-ETH RSI: 53.33, 현재가: 3208000.0, 평균 매수가: 3205000.0, 수익률: 0.09%, KRW 잔고: 1530179.15673916
2024-10-04 17:16:56,499:INFO:KRW-ETH 추가 매수 조건 미충족 - 수익률이 유지 수익률보다 높음
2024-10-04 17:16:56,747:INFO:KRW-XRP RSI: 75.51, 현재가: 707.6, 평균 매수가: 0, 수익률: 0.00%, KRW 잔고: 1530179.15673916
2024-10-04 17:16:56,990:INFO:KRW-ADA RSI: 70.61, 현재가: 471.8, 평균 매수가: 0, 수익률: 0.00%, KRW 잔고: 1530179.15673916
2024-10-04 17:16:57,221:INFO:KRW-DOGE RSI: 46.45, 현재가: 145.2, 평균 매수가: 0, 수익률: 0.00%, KRW 잔고: 1530179.15673916
